This file contains any messages produced by compilers while
running configure, to aid debugging if configure makes a mistake.

It was created by OpenJDK configure jdk8, which was
generated by GNU Autoconf 2.69.  Invocation command line was

  $ /Users/wang/WorkSpace/OpenSource/OpenJdk/005.OpenJDK/002.OpenJDK8u312-GA/OpenJDK8U312-GA/configure --enable-option-checking=fatal

## --------- ##
## Platform. ##
## --------- ##

hostname = wei.local
uname -m = arm64
uname -r = 20.6.0
uname -s = Darwin
uname -v = Darwin Kernel Version 20.6.0: Wed Jun 23 00:26:27 PDT 2021; root:xnu-7195.141.2~5/RELEASE_ARM64_T8101

/usr/bin/uname -p = arm
/bin/uname -X     = unknown

/bin/arch              = unknown
/usr/bin/arch -k       = unknown
/usr/convex/getsysinfo = unknown
/usr/bin/hostinfo      = Mach kernel version:
	 Darwin Kernel Version 20.6.0: Wed Jun 23 00:26:27 PDT 2021; root:xnu-7195.141.2~5/RELEASE_ARM64_T8101
Kernel configured for up to 8 processors.
8 processors are physically available.
8 processors are logically available.
Processor type: arm64e (ARM64E)
Processors active: 0 1 2 3 4 5 6 7
Primary memory available: 16.00 gigabytes
Default processor set: 442 tasks, 2702 threads, 8 processors
Load average: 2.17, Mach factor: 6.30
/bin/machine           = unknown
/usr/bin/oslevel       = unknown
/bin/universe          = unknown

PATH: /opt/homebrew/bin/sbin
PATH: /opt/homebrew/bin
PATH: /Library/Java/JavaVirtualMachines/jdk1.8.0_291.jdk/Contents/Home/bin
PATH: /opt/local/bin
PATH: /opt/local/sbin
PATH: /usr/local/bin
PATH: /usr/bin
PATH: /bin
PATH: /usr/sbin
PATH: /sbin
PATH: /usr/local/go/bin
PATH: /Library/Apple/usr/bin
PATH: /opt/homebrew/bin/sbin
PATH: /opt/homebrew/bin
PATH: /Library/Java/JavaVirtualMachines/jdk1.8.0_291.jdk/Contents/Home/bin
PATH: /opt/local/bin
PATH: /opt/local/sbin
PATH: .
PATH: /opt/softwares/maven/apache-maven-3.6.3/bin
PATH: .
PATH: /opt/softwares/maven/apache-maven-3.6.3/bin


## ----------- ##
## Core tests. ##
## ----------- ##

configure:4438: Configuration created at Tue Jan 25 09:47:02 CST 2022.
configure:4440: configure script generated at timestamp 1625670527.
configure:4463: checking for basename
configure:4481: found /usr/bin/basename
configure:4493: result: /usr/bin/basename
configure:4714: checking for bash
configure:4744: result: /bin/bash
configure:4849: checking for cat
configure:4867: found /bin/cat
configure:4879: result: /bin/cat
configure:5042: checking for chmod
configure:5060: found /bin/chmod
configure:5072: result: /bin/chmod
configure:5235: checking for cmp
configure:5253: found /usr/bin/cmp
configure:5265: result: /usr/bin/cmp
configure:5428: checking for comm
configure:5446: found /usr/bin/comm
configure:5458: result: /usr/bin/comm
configure:5621: checking for cp
configure:5639: found /bin/cp
configure:5651: result: /bin/cp
configure:5814: checking for cut
configure:5832: found /usr/bin/cut
configure:5844: result: /usr/bin/cut
configure:6007: checking for date
configure:6025: found /bin/date
configure:6037: result: /bin/date
configure:6200: checking for gdiff
configure:6233: result: no
configure:6200: checking for diff
configure:6218: found /usr/bin/diff
configure:6230: result: /usr/bin/diff
configure:6393: checking for dirname
configure:6411: found /usr/bin/dirname
configure:6423: result: /usr/bin/dirname
configure:6586: checking for echo
configure:6604: found /bin/echo
configure:6616: result: /bin/echo
configure:6779: checking for expr
configure:6797: found /bin/expr
configure:6809: result: /bin/expr
configure:6972: checking for file
configure:6990: found /usr/bin/file
configure:7002: result: /usr/bin/file
configure:7165: checking for find
configure:7183: found /usr/bin/find
configure:7195: result: /usr/bin/find
configure:7358: checking for head
configure:7376: found /usr/bin/head
configure:7388: result: /usr/bin/head
configure:7551: checking for ln
configure:7569: found /bin/ln
configure:7581: result: /bin/ln
configure:7744: checking for ls
configure:7762: found /bin/ls
configure:7774: result: /bin/ls
configure:7937: checking for mkdir
configure:7955: found /bin/mkdir
configure:7967: result: /bin/mkdir
configure:8130: checking for mktemp
configure:8148: found /usr/bin/mktemp
configure:8160: result: /usr/bin/mktemp
configure:8323: checking for mv
configure:8341: found /bin/mv
configure:8353: result: /bin/mv
configure:8516: checking for nawk
configure:8549: result: no
configure:8516: checking for gawk
configure:8549: result: no
configure:8516: checking for awk
configure:8534: found /usr/bin/awk
configure:8546: result: /usr/bin/awk
configure:8709: checking for printf
configure:8727: found /usr/bin/printf
configure:8739: result: /usr/bin/printf
configure:8902: checking for rm
configure:8920: found /bin/rm
configure:8932: result: /bin/rm
configure:9095: checking for sh
configure:9113: found /bin/sh
configure:9125: result: /bin/sh
configure:9288: checking for sort
configure:9306: found /usr/bin/sort
configure:9318: result: /usr/bin/sort
configure:9481: checking for tail
configure:9499: found /usr/bin/tail
configure:9511: result: /usr/bin/tail
configure:9674: checking for tar
configure:9692: found /usr/bin/tar
configure:9704: result: /usr/bin/tar
configure:9867: checking for tee
configure:9885: found /usr/bin/tee
configure:9897: result: /usr/bin/tee
configure:10060: checking for touch
configure:10078: found /usr/bin/touch
configure:10090: result: /usr/bin/touch
configure:10253: checking for tr
configure:10271: found /usr/bin/tr
configure:10283: result: /usr/bin/tr
configure:10446: checking for uname
configure:10464: found /usr/bin/uname
configure:10476: result: /usr/bin/uname
configure:10639: checking for uniq
configure:10657: found /usr/bin/uniq
configure:10669: result: /usr/bin/uniq
configure:10832: checking for wc
configure:10850: found /usr/bin/wc
configure:10862: result: /usr/bin/wc
configure:11025: checking for which
configure:11043: found /usr/bin/which
configure:11055: result: /usr/bin/which
configure:11218: checking for xargs
configure:11236: found /usr/bin/xargs
configure:11248: result: /usr/bin/xargs
configure:11412: checking for gawk
configure:11442: result: no
configure:11412: checking for mawk
configure:11442: result: no
configure:11412: checking for nawk
configure:11442: result: no
configure:11412: checking for awk
configure:11428: found /usr/bin/awk
configure:11439: result: awk
configure:11593: checking for grep that handles long lines and -e
configure:11651: result: /usr/bin/grep
configure:11820: checking for egrep
configure:11882: result: /usr/bin/grep -E
configure:12055: checking for fgrep
configure:12117: result: /usr/bin/grep -F
configure:12290: checking for a sed that does not truncate output
configure:12354: result: /usr/bin/sed
configure:12542: checking for cygpath
configure:12575: result: no
configure:12728: checking for greadlink
configure:12761: result: no
configure:12728: checking for readlink
configure:12746: found /usr/bin/readlink
configure:12758: result: /usr/bin/readlink
configure:12914: checking for df
configure:12932: found /bin/df
configure:12944: result: /bin/df
configure:13100: checking for SetFile
configure:13118: found /usr/bin/SetFile
configure:13130: result: /usr/bin/SetFile
configure:13286: checking for cpio
configure:13304: found /usr/bin/cpio
configure:13316: result: /usr/bin/cpio
configure:13469: checking build system type
configure:13483: result: arm-apple-darwin20.6.0
configure:13503: checking host system type
configure:13516: result: arm-apple-darwin20.6.0
configure:13536: checking target system type
configure:13549: result: arm-apple-darwin20.6.0
configure:13728: checking openjdk-build os-cpu
configure:13730: result: macosx-arm
configure:13866: checking openjdk-target os-cpu
configure:13868: result: macosx-arm
configure:13918: checking compilation type
configure:13920: result: native
configure:14175: checking for top-level directory
configure:14177: result: /Users/wang/WorkSpace/OpenSource/OpenJdk/005.OpenJDK/002.OpenJDK8u312-GA/OpenJDK8U312-GA
configure:14452: checking for presence of closed sources
configure:14459: result: no
configure:14462: checking if closed source is suppressed (openjdk-only)
configure:14465: result: no
configure:14502: checking which variant of the JDK to build
configure:14519: result: normal
configure:14529: checking which interpreter of the JVM to build
configure:14550: result: template
configure:14567: checking which variants of the JVM to build
configure:14586: result: server
configure:14658: checking which debug level to use
configure:14682: result: release
configure:15128: checking for sysroot
configure:15130: result: 
configure:15132: checking for toolchain path
configure:15134: result: 
configure:15136: checking for extra path
configure:15138: result: 
configure:15154: checking where to store configuration
configure:15162: result: in default location
configure:15220: checking what configuration name to use
configure:15222: result: macosx-arm-normal-server-release
configure:15386: checking for apt-get
configure:15416: result: no
configure:15386: checking for yum
configure:15416: result: no
configure:15386: checking for port
configure:15402: found /opt/local/bin/port
configure:15413: result: port
configure:15767: checking for gmake
configure:15800: result: no
configure:16137: checking for make
configure:16155: found /usr/bin/make
configure:16167: result: /usr/bin/make
configure:16182: Testing potential make at /usr/bin/make, found using make in PATH
configure:17257: Using GNU make 3.81 (or later) at /usr/bin/make (version: GNU Make 3.81)
configure:17263: checking if find supports -delete
configure:17279: result: yes
configure:17300: checking for unzip
configure:17318: found /usr/bin/unzip
configure:17330: result: /usr/bin/unzip
configure:17493: checking for zip
configure:17511: found /usr/bin/zip
configure:17523: result: /usr/bin/zip
configure:17688: checking for ldd
configure:17721: result: no
configure:17880: checking for readelf
configure:17913: result: no
configure:17880: checking for greadelf
configure:17913: result: no
configure:18066: checking for hg
configure:18099: result: no
configure:18252: checking for stat
configure:18270: found /usr/bin/stat
configure:18282: result: /usr/bin/stat
configure:18438: checking for time
configure:18456: found /usr/bin/time
configure:18468: result: /usr/bin/time
configure:18831: checking for dsymutil
configure:18849: found /usr/bin/dsymutil
configure:18861: result: /usr/bin/dsymutil
configure:19024: checking for xattr
configure:19042: found /usr/bin/xattr
configure:19054: result: /usr/bin/xattr
configure:19216: checking for codesign
configure:19234: found /usr/bin/codesign
configure:19246: result: /usr/bin/codesign
configure:19393: checking if openjdk_codesign certificate is present
error: The specified item could not be found in the keychain.
configure:19400: result: no
configure:19460: checking for pkg-config
configure:19493: result: no
configure:19633: checking for 7z
configure:19663: result: no
configure:19633: checking for unzip
configure:19649: found /usr/bin/unzip
configure:19660: result: unzip
configure:19679: checking for wget
configure:19695: found /opt/homebrew/bin/wget
configure:19706: result: wget
configure:19733: checking headful support
configure:19757: result: include support for both headful and headless
configure:19830: checking whether to build JFR
configure:19860: result: true
configure:20726: Found potential Boot JDK using JAVA_HOME
configure:20890: checking for Boot JDK
configure:20892: result: /Library/Java/JavaVirtualMachines/jdk1.8.0_291.jdk/Contents/Home
configure:20894: checking Boot JDK version
configure:20897: result: java version "1.8.0_291" Java(TM) SE Runtime Environment (build 1.8.0_291-b10) Java HotSpot(TM) 64-Bit Server VM (build 25.291-b10, mixed mode) 
configure:24710: checking for java in Boot JDK
configure:24720: result: ok
configure:24724: checking for javac in Boot JDK
configure:24734: result: ok
configure:24738: checking for javah in Boot JDK
configure:24748: result: ok
configure:24752: checking for javap in Boot JDK
configure:24762: result: ok
configure:24766: checking for jar in Boot JDK
configure:24776: result: ok
configure:24780: checking for rmic in Boot JDK
configure:24790: result: ok
configure:24794: checking for native2ascii in Boot JDK
configure:24804: result: ok
configure:24821: checking if Boot JDK is 32 or 64 bits
configure:24823: result: 64
configure:24839: checking flags for boot jdk java command 
Check if jvm arg is ok: -XX:-PrintVMOptions -XX:-UnlockDiagnosticVMOptions -XX:-LogVMOutput
Command: /Library/Java/JavaVirtualMachines/jdk1.8.0_291.jdk/Contents/Home/bin/java -XX:-PrintVMOptions -XX:-UnlockDiagnosticVMOptions -XX:-LogVMOutput -version
Arg failed:
Error: VM option 'LogVMOutput' is diagnostic and must be enabled via -XX:+UnlockDiagnosticVMOptions.
Error: Could not create the Java Virtual Machine.
Error: A fatal exception has occurred. Program will exit.
Check if jvm arg is ok: 
Command: /Library/Java/JavaVirtualMachines/jdk1.8.0_291.jdk/Contents/Home/bin/java  -version
configure:24876: result:  
configure:24884: checking flags for boot jdk java command for big workloads
Check if jvm arg is ok: -Xms64M
Command: /Library/Java/JavaVirtualMachines/jdk1.8.0_291.jdk/Contents/Home/bin/java -Xms64M -version
Check if jvm arg is ok: -Xmx1600M
Command: /Library/Java/JavaVirtualMachines/jdk1.8.0_291.jdk/Contents/Home/bin/java -Xmx1600M -version
Check if jvm arg is ok: -XX:ThreadStackSize=1536
Command: /Library/Java/JavaVirtualMachines/jdk1.8.0_291.jdk/Contents/Home/bin/java -XX:ThreadStackSize=1536 -version
Check if jvm arg is ok: -XX:PermSize=32m
Command: /Library/Java/JavaVirtualMachines/jdk1.8.0_291.jdk/Contents/Home/bin/java -XX:PermSize=32m -version
Arg failed:
Java HotSpot(TM) 64-Bit Server VM warning: ignoring option PermSize=32m; support was removed in 8.0
java version "1.8.0_291"
Java(TM) SE Runtime Environment (build 1.8.0_291-b10)
Java HotSpot(TM) 64-Bit Server VM (build 25.291-b10, mixed mode)
Check if jvm arg is ok: -XX:MaxPermSize=160m
Command: /Library/Java/JavaVirtualMachines/jdk1.8.0_291.jdk/Contents/Home/bin/java -XX:MaxPermSize=160m -version
Arg failed:
Java HotSpot(TM) 64-Bit Server VM warning: ignoring option MaxPermSize=160m; support was removed in 8.0
java version "1.8.0_291"
Java(TM) SE Runtime Environment (build 1.8.0_291-b10)
Java HotSpot(TM) 64-Bit Server VM (build 25.291-b10, mixed mode)
configure:24978: result:  -Xms64M -Xmx1600M -XX:ThreadStackSize=1536
configure:24985: checking flags for boot jdk java command for small workloads
Check if jvm arg is ok: -XX:+UseSerialGC
Command: /Library/Java/JavaVirtualMachines/jdk1.8.0_291.jdk/Contents/Home/bin/java -XX:+UseSerialGC -version
Check if jvm arg is ok: -Xms32M
Command: /Library/Java/JavaVirtualMachines/jdk1.8.0_291.jdk/Contents/Home/bin/java -Xms32M -version
Check if jvm arg is ok: -Xmx512M
Command: /Library/Java/JavaVirtualMachines/jdk1.8.0_291.jdk/Contents/Home/bin/java -Xmx512M -version
configure:25035: result:  -XX:+UseSerialGC -Xms32M -Xmx512M
configure:25382: error: Failed to determine Xcode version.
