configure: Configuration created at Wed Mar 16 21:23:37 CST 2022.
configure: configure script generated at timestamp 1625670527.
checking for basename... /usr/bin/basename
checking for bash... /bin/bash
checking for cat... /bin/cat
checking for chmod... /bin/chmod
checking for cmp... /usr/bin/cmp
checking for comm... /usr/bin/comm
checking for cp... /bin/cp
checking for cut... /usr/bin/cut
checking for date... /bin/date
checking for gdiff... no
checking for diff... /usr/bin/diff
checking for dirname... /usr/bin/dirname
checking for echo... /bin/echo
checking for expr... /bin/expr
checking for file... /usr/bin/file
checking for find... /usr/bin/find
checking for head... /usr/bin/head
checking for ln... /bin/ln
checking for ls... /bin/ls
checking for mkdir... /bin/mkdir
checking for mktemp... /usr/bin/mktemp
checking for mv... /bin/mv
checking for nawk... no
checking for gawk... no
checking for awk... /usr/bin/awk
checking for printf... /usr/bin/printf
checking for rm... /bin/rm
checking for sh... /bin/sh
checking for sort... /usr/bin/sort
checking for tail... /usr/bin/tail
checking for tar... /usr/bin/tar
checking for tee... /usr/bin/tee
checking for touch... /usr/bin/touch
checking for tr... /usr/bin/tr
checking for uname... /usr/bin/uname
checking for uniq... /usr/bin/uniq
checking for wc... /usr/bin/wc
checking for which... /usr/bin/which
checking for xargs... /usr/bin/xargs
checking for gawk... no
checking for mawk... no
checking for nawk... no
checking for awk... awk
checking for grep that handles long lines and -e... /usr/bin/grep
checking for egrep... /usr/bin/grep -E
checking for fgrep... /usr/bin/grep -F
checking for a sed that does not truncate output... /usr/bin/sed
checking for cygpath... no
checking for greadlink... no
checking for readlink... /usr/bin/readlink
checking for df... /bin/df
checking for SetFile... /usr/bin/SetFile
checking for cpio... /usr/bin/cpio
checking build system type... arm-apple-darwin20.6.0
checking host system type... arm-apple-darwin20.6.0
checking target system type... arm-apple-darwin20.6.0
checking openjdk-build os-cpu... macosx-arm
checking openjdk-target os-cpu... macosx-arm
checking compilation type... native
checking for top-level directory... /Users/wang/WorkSpace/OpenSource/OpenJdk/005.OpenJDK/002.OpenJDK8u312-GA/OpenJDK8U312-GA
checking for presence of closed sources... no
checking if closed source is suppressed (openjdk-only)... no
checking which variant of the JDK to build... normal
checking which interpreter of the JVM to build... template
checking which variants of the JVM to build... server
checking which debug level to use... release
checking for sysroot... 
checking for toolchain path... 
checking for extra path... 
checking where to store configuration... in default location
checking what configuration name to use... macosx-arm-normal-server-release
checking for apt-get... no
checking for yum... no
checking for port... port
checking for gmake... no
checking for make... /usr/bin/make
configure: Testing potential make at /usr/bin/make, found using make in PATH
configure: Using GNU make 3.81 (or later) at /usr/bin/make (version: GNU Make 3.81)
checking if find supports -delete... yes
checking for unzip... /usr/bin/unzip
checking for zip... /usr/bin/zip
checking for ldd... no
checking for readelf... no
checking for greadelf... no
checking for hg... no
checking for stat... /usr/bin/stat
checking for time... /usr/bin/time
checking for dsymutil... /usr/bin/dsymutil
checking for xattr... /usr/bin/xattr
checking for codesign... /usr/bin/codesign
checking if openjdk_codesign certificate is present... no
checking for pkg-config... no
checking for 7z... no
checking for unzip... unzip
checking for wget... wget
checking headful support... include support for both headful and headless
checking whether to build JFR... true
configure: Found potential Boot JDK using JAVA_HOME
checking for Boot JDK... /Library/Java/JavaVirtualMachines/jdk1.8.0_291.jdk/Contents/Home
checking Boot JDK version... java version "1.8.0_291" Java(TM) SE Runtime Environment (build 1.8.0_291-b10) Java HotSpot(TM) 64-Bit Server VM (build 25.291-b10, mixed mode) 
checking for java in Boot JDK... ok
checking for javac in Boot JDK... ok
checking for javah in Boot JDK... ok
checking for javap in Boot JDK... ok
checking for jar in Boot JDK... ok
checking for rmic in Boot JDK... ok
checking for native2ascii in Boot JDK... ok
checking if Boot JDK is 32 or 64 bits... 64
checking flags for boot jdk java command ...  
checking flags for boot jdk java command for big workloads...  -Xms64M -Xmx1600M -XX:ThreadStackSize=1536
checking flags for boot jdk java command for small workloads...  -XX:+UseSerialGC -Xms32M -Xmx512M
configure: error: Failed to determine Xcode version.
