wei@Berries-Wang:~/OPEN_SOURCE/OpenJDK/005.OpenJDK/007.OpenJDK21-GA/OpenJDK21-GA$ ./openJDKBuild-ASUS.sh 
Building target 'clean' in configuration 'linux-x86_64-server-slowdebug'
Cleaning hotspot build artifacts ... done
Cleaning jdk build artifacts ... done
Cleaning bootcycle-build build artifacts ... done
Cleaning test-results build artifacts ... done
Cleaning test-support build artifacts ... done
Cleaning test build artifacts ... done
Cleaning buildtools build artifacts ... done
Cleaning support build artifacts ... done
Cleaning support/images build artifacts ... done
Cleaning images build artifacts ... done
Cleaning make-support build artifacts ... done
Cleaning test-make build artifacts ... done
Cleaning bundles build artifacts ... done
Cleaning buildjdk build artifacts ... done
Cleaned all build artifacts.
Finished building target 'clean' in configuration 'linux-x86_64-server-slowdebug'
/home/wei/OPEN_SOURCE/OpenJDK/005.OpenJDK/007.OpenJDK21-GA/OpenJDK21-GA/build
Runnable configure script is not present
Generating runnable configure script at /home/wei/OPEN_SOURCE/OpenJDK/005.OpenJDK/007.OpenJDK21-GA/OpenJDK21-GA/build/.configure-support/generated-configure.sh
Using autoconf at /usr/bin/autoconf [autoconf (GNU Autoconf) 2.69]
configure: Configuration created at Thu Nov  7 00:00:30 CST 2024.
checking for basename... /usr/bin/basename
checking for dirname... /usr/bin/dirname
checking for file... /usr/bin/file
checking for ldd... /usr/bin/ldd
checking for echo... echo [builtin]
checking for tr... /usr/bin/tr
checking for uname... /usr/bin/uname
checking for wc... /usr/bin/wc
checking for grep that handles long lines and -e... /usr/bin/grep
checking for egrep... /usr/bin/grep -E
checking for a sed that does not truncate output... /usr/bin/sed
checking for cygpath... [not found]
checking for wslpath... [not found]
checking for cmd.exe... [not found]
checking build system type... x86_64-pc-linux-gnu
checking host system type... x86_64-pc-linux-gnu
checking target system type... x86_64-pc-linux-gnu
checking openjdk-build os-cpu... linux-x86_64
checking openjdk-build C library... gnu
checking openjdk-target os-cpu... linux-x86_64
checking openjdk-target C library... gnu
configure: --with-target-bits are set to build platform address size; argument has no meaning
checking compilation type... native
checking for top-level directory... /home/wei/OPEN_SOURCE/OpenJDK/005.OpenJDK/007.OpenJDK21-GA/OpenJDK21-GA
checking for bash... /usr/bin/bash
checking for cat... /usr/bin/cat
checking for chmod... /usr/bin/chmod
checking for cp... /usr/bin/cp
checking for cut... /usr/bin/cut
checking for date... /usr/bin/date
checking for gdiff... [not found]
checking for diff... /usr/bin/diff
checking for expr... /usr/bin/expr
checking for find... /usr/bin/find
checking for gunzip... /usr/bin/gunzip
checking for pigz... [not found]
checking for gzip... /usr/bin/gzip
checking for head... /usr/bin/head
checking for ln... /usr/bin/ln
checking for ls... /usr/bin/ls
checking for gmkdir... [not found]
checking for mkdir... /usr/bin/mkdir
checking for mktemp... /usr/bin/mktemp
checking for mv... /usr/bin/mv
checking for gawk... [not found]
checking for nawk... /usr/bin/nawk
checking for printf... printf [builtin]
checking for rm... /usr/bin/rm
checking for rmdir... /usr/bin/rmdir
checking for sh... /usr/bin/sh
checking for sort... /usr/bin/sort
checking for tail... /usr/bin/tail
checking for gtar... [not found]
checking for tar... /usr/bin/tar
checking for tee... /usr/bin/tee
checking for touch... /usr/bin/touch
checking for xargs... /usr/bin/xargs
checking for fgrep... /usr/bin/grep -F
checking for df... /usr/bin/df
checking for git... /usr/bin/git
checking for nice... /usr/bin/nice
checking for greadlink... [not found]
checking for readlink... /usr/bin/readlink
checking for whoami... /usr/bin/whoami
checking for lsb_release... /usr/bin/lsb_release
checking for cmp... /usr/bin/cmp
checking for uniq... /usr/bin/uniq
checking for build environment type... dev, default (calculated from 'auto')
checking if custom source is suppressed (openjdk-only)... disabled, default
checking for --enable-debug... disabled, default
checking which debug level to use... slowdebug
checking which variants of the JVM to build... server
checking if absolute paths should be allowed in the build output... yes, debug build
checking for toolchain path... 
checking for sysroot... 
checking for extra path... 
checking where to store configuration... in default location
checking what configuration name to use... linux-x86_64-server-slowdebug
checking for zypper... [not found]
checking for apt-get... /usr/bin/apt-get
checking for pandoc... [not found]
checking for gmake... [not found]
checking for make... /usr/bin/make
configure: Testing potential make at /usr/bin/make, found using make in PATH
configure: Using GNU make at /usr/bin/make (version: GNU Make 4.2.1)
checking if make --output-sync is supported... yes
checking for make --output-sync value... none, default
checking if find supports -delete... yes
checking what type of tar was found... gnu
checking that grep (/usr/bin/grep) -Fx handles empty lines in the pattern list correctly... yes
checking for unzip... /usr/bin/unzip
checking for zip... /usr/bin/zip
checking for greadelf... [not found]
checking for readelf... /usr/bin/readelf
checking for dot... [not found]
checking for stat... /usr/bin/stat
checking for time... time [builtin]
checking for flock... /usr/bin/flock
checking for dtrace... [not found]
checking for gpatch... [not found]
checking for patch... /usr/bin/patch
checking if date is a GNU compatible version... yes
checking for ulimit... ulimit [builtin]
checking bash version... 5.0.17
checking if bash supports pipefail... yes
checking if bash supports errexit (-e)... yes
checking for pkg-config... /usr/bin/pkg-config
checking pkg-config is at least version 0.9.0... yes
checking for default LOG value... 
checking for JMOD compression type... zip-1, default
checking if packaged modules are kept... enabled, default
checking for --with-build-user... wei, default
checking for --with-jdk-rc-name... OpenJDK Platform, default
checking for --with-vendor-name... N/A, default
checking for --with-vendor-url... https://openjdk.org/, default
checking for --with-vendor-bug-url... https://bugreport.java.com/bugreport/, default
checking for --with-vendor-vm-bug-url... https://bugreport.java.com/bugreport/crash.jsp, default
checking for --with-version-string... <none>, default
checking for --with-version-feature... 21, default
checking for --with-version-date... 2023-09-19, default
checking for --with-vendor-version-string... <disabled>, default
checking for --with-macosx-bundle-name-base... OpenJDK, default
checking for --with-macosx-bundle-id-base... net.java.openjdk-internal, default
checking for --with-macosx-bundle-build-version... 0, default
checking for version string... 21-internal-adhoc.wei.OpenJDK21-GA
configure: Found potential Boot JDK using configure arguments
checking for Boot JDK... /home/wei/app_space/OpenJDK/OpenJDK-21.0.5+11
checking Boot JDK version... openjdk version "21.0.5" 2024-10-15 LTS OpenJDK Runtime Environment Microsoft-10376803 (build 21.0.5+11-LTS) OpenJDK 64-Bit Server VM Microsoft-10376803 (build 21.0.5+11-LTS, mixed mode, sharing)
checking for java [Boot JDK]... $BOOT_JDK/bin/java
checking for javac [Boot JDK]... $BOOT_JDK/bin/javac
checking for javadoc [Boot JDK]... $BOOT_JDK/bin/javadoc
checking for jar [Boot JDK]... $BOOT_JDK/bin/jar
checking if Boot JDK jar supports --date=TIMESTAMP... true
checking if Boot JDK is 32 or 64 bits... 64
checking for local Boot JDK Class Data Sharing (CDS)... yes, created
checking for Build JDK... yes, will use output dir
checking for docs-reference JDK... no, using interim javadoc for the docs-reference targets
checking what source date to use... 1730908834, from 'current' (default)
checking if we should build headless-only (no GUI)... disabled, default
checking if linker should clean out unused code (linktime-gc)... disabled, default
checking for graphviz dot... no, cannot generate full docs
checking for pandoc... no, cannot generate full docs
checking for --enable-full-docs... disabled, from default 'auto'
checking for cacerts file... default
checking for cacerts source... default
checking for --enable-unlimited-crypto... enabled, default
checking for jni library path... default
checking if static build is available... no
checking if static build is enabled... disabled, default
configure: Using default toolchain gcc (GNU Compiler Collection)
checking for gcc... /usr/bin/gcc
checking resolved symbolic links for CC... /usr/bin/x86_64-linux-gnu-gcc-9
configure: Using gcc C compiler version 9.4.0 [gcc (Ubuntu 9.4.0-1ubuntu1~20.04.2) 9.4.0]
checking whether the C compiler works... yes
checking for C compiler default output file name... a.out
checking for suffix of executables... 
checking whether we are cross compiling... no
checking for suffix of object files... o
checking whether we are using the GNU C compiler... yes
checking whether /usr/bin/gcc accepts -g... yes
checking for /usr/bin/gcc option to accept ISO C89... none needed
checking for g++... /usr/bin/g++
checking resolved symbolic links for CXX... /usr/bin/x86_64-linux-gnu-g++-9
configure: Using gcc C++ compiler version 9.4.0 [g++ (Ubuntu 9.4.0-1ubuntu1~20.04.2) 9.4.0]
checking whether we are using the GNU C++ compiler... yes
checking whether /usr/bin/g++ accepts -g... yes
checking how to run the C preprocessor... /usr/bin/gcc -E
checking how to run the C++ preprocessor... /usr/bin/g++ -E
configure: Using gcc linker version 2.34 [GNU ld (GNU Binutils for Ubuntu) 2.34]
configure: comparing linker version to minimum version 2.25
checking for ar... /usr/bin/ar
checking for strip... /usr/bin/strip
checking for nm... /usr/bin/nm
checking for gobjcopy... [not found]
checking for objcopy... /usr/bin/objcopy
checking for gobjdump... [not found]
checking for objdump... /usr/bin/objdump
checking for c++filt... /usr/bin/c++filt
checking if @file is supported by gcc... yes
checking if CC supports "-m64"... yes
checking if CXX supports "-m64"... yes
checking if both CC and CXX support "-m64"... yes
checking for jtreg... [not found]
checking for jtreg test harness... no, not found
checking for jmh (Java Microbenchmark Harness)... no, disabled
checking for jib... no
checking for ANSI C header files... yes
checking for sys/types.h... yes
checking for sys/stat.h... yes
checking for stdlib.h... yes
checking for string.h... yes
checking for memory.h... yes
checking for strings.h... yes
checking for inttypes.h... yes
checking for stdint.h... yes
checking for unistd.h... yes
checking stdio.h usability... yes
checking stdio.h presence... yes
checking for stdio.h... yes
checking size of int *... 8
checking for target address size... 64 bits
checking whether byte ordering is bigendian... no
checking for --enable-branch-protection... disabled, default
checking for --enable-warnings-as-errors... enabled, default
checking if CC supports "-Xassembler -mrelax-relocations=no"... yes
checking if CXX supports "-Xassembler -mrelax-relocations=no"... yes
checking if both CC and CXX support "-Xassembler -mrelax-relocations=no"... yes
checking if TARGET is x86... no
checking if CC supports "-fno-delete-null-pointer-checks"... yes
checking if CXX supports "-fno-delete-null-pointer-checks"... yes
checking if both CC and CXX support "-fno-delete-null-pointer-checks"... yes
checking if CC supports "-fno-lifetime-dse"... yes
checking if CXX supports "-fno-lifetime-dse"... yes
checking if both CC and CXX support "-fno-lifetime-dse"... yes
checking if CC supports "-ffp-contract=off"... yes
checking if CXX supports "-ffp-contract=off"... yes
checking if both CC and CXX support "-ffp-contract=off"... yes
checking if BUILD is x86... no
checking if BUILD_CC supports "-fno-delete-null-pointer-checks"... yes
checking if BUILD_CXX supports "-fno-delete-null-pointer-checks"... yes
checking if both BUILD_CC and BUILD_CXX support "-fno-delete-null-pointer-checks"... yes
checking if BUILD_CC supports "-fno-lifetime-dse"... yes
checking if BUILD_CXX supports "-fno-lifetime-dse"... yes
checking if both BUILD_CC and BUILD_CXX support "-fno-lifetime-dse"... yes
checking if BUILD_CC supports "-ffp-contract=off"... yes
checking if BUILD_CXX supports "-ffp-contract=off"... yes
checking if both BUILD_CC and BUILD_CXX support "-ffp-contract=off"... yes
checking how to run strip... --strip-debug
checking what type of native debug symbols to use... external
checking if we should add external native debug symbols to the shipped bundles... no
checking if native coverage is available... yes
checking for --enable-native-coverage... disabled, default
checking if AddressSanitizer (asan) is available... yes
checking for --enable-asan... disabled, default
checking if UndefinedBehaviorSanitizer (ubsan) is available... yes
checking for --enable-ubsan... disabled, default
checking if LeakSanitizer (lsan) is available... yes
checking for --enable-lsan... disabled, default
checking if fallback linker enabled... disabled, default
checking if static link of stdc++ is possible... yes
checking how to link with libstdc++... static
checking for ALSA... yes
checking for which libjpeg to use... bundled
checking for which giflib to use... bundled
checking for PNG... yes
checking for which libpng to use... bundled
checking for compress in -lz... yes
checking for which zlib to use... system
checking for system zlib functionality... ok
checking for which lcms to use... bundled
checking for which harfbuzz to use... bundled
checking cups/cups.h usability... yes
checking cups/cups.h presence... yes
checking for cups/cups.h... yes
checking cups/ppd.h usability... yes
checking cups/ppd.h presence... yes
checking for cups/ppd.h... yes
checking fontconfig/fontconfig.h usability... yes
checking fontconfig/fontconfig.h presence... yes
checking for fontconfig/fontconfig.h... yes
configure: Found freetype include files at /usr/include/freetype2 using --with-freetype
checking for freetype includes... /usr/include/freetype2
checking for freetype libraries... /usr/lib/x86_64-linux-gnu/
Using freetype: system
checking for --enable-hsdis-bundling... disabled, default
checking what hsdis backend to use... 'none', hsdis will not be built
checking if hsdis should be bundled... no
checking for --enable-libffi-bundling... disabled, default
checking for cos in -lm... yes
checking for dlopen in -ldl... yes
checking for X... libraries , headers 
checking for gethostbyname... yes
checking for connect... yes
checking for remove... yes
checking for shmat... yes
checking for IceConnectionNumber in -lICE... yes
checking for X11/extensions/shape.h... yes
checking for X11/extensions/Xrender.h... yes
checking for X11/extensions/XTest.h... yes
checking for X11/Intrinsic.h... yes
checking for X11/extensions/Xrandr.h... yes
checking for JVM features enabled by the user... none
checking for JVM features disabled by the user... none
checking if platform is supported by CDS... yes
checking if JVM feature 'cds' is available... yes
checking for dtrace tool and platform support... no
checking sys/sdt.h usability... no
checking sys/sdt.h presence... no
checking for sys/sdt.h... no
configure: Cannot enable dtrace with missing dependencies. See above.
checking if JVM feature 'dtrace' is available... no
checking if platform is supported by JVMCI... yes
checking if JVM feature 'jvmci' is available... yes
checking if platform is supported by Shenandoah... yes
checking if JVM feature 'shenandoahgc' is available... yes
checking if static-build is enabled in configure... no, use --enable-static-build to enable static build.
checking if JVM feature 'static-build' is available... no
checking if platform is supported by ZGC... yes
checking if JVM feature 'zgc' is available... yes
checking JVM features to use for variant 'server'... 'cds compiler1 compiler2 epsilongc g1gc jfr jni-check jvmci jvmti management parallelgc serialgc services shenandoahgc vm-structs zgc'
checking what hotspot build time to use... 2024-11-06T16:00:34Z (from --with-source-date)
checking if the jtreg failure handler is available... no (jtreg not present)
checking if the jtreg failure handler should be built... disabled, default
checking if the jtreg test thread factory is available... no (jtreg not present)
checking if the jtreg test thread factory should be built... disabled, from default 'auto'
checking if the CDS classlist generation should be enabled... enabled, from default 'auto'
checking if any translations should be excluded... no
checking if static man pages should be copied... enabled, default
checking if CDS archive is available... yes
checking if a default CDS archive should be generated... enabled, from default 'auto'
checking if CDS archive is available... yes
checking if compatible cds region alignment enabled... disabled, default
checking for number of cores... 4
checking for memory size... 7830 MB
checking for appropriate number of jobs to run in parallel... 4
checking whether to use javac server... enabled, default
checking flags for boot jdk java command ...  -Duser.language=en -Duser.country=US  -XX:+UnlockDiagnosticVMOptions -XX:-VerifySharedSpaces -XX:SharedArchiveFile=/home/wei/OPEN_SOURCE/OpenJDK/005.OpenJDK/007.OpenJDK21-GA/OpenJDK21-GA/build/linux-x86_64-server-slowdebug/configure-support/classes.jsa -Xshare:auto 
checking flags for boot jdk java command for big workloads...  -Xms64M -Xmx1600M
checking flags for bootcycle boot jdk java command for big workloads... -Xms64M -Xmx1600M
checking flags for boot jdk java command for small workloads...  -XX:+UseSerialGC -Xms32M -Xmx512M -XX:TieredStopAtLevel=1
checking for --enable-icecc... disabled, default
checking if precompiled headers are available... yes
checking for --enable-precompiled-headers... enabled, from default 'auto'
checking for ccache... [not found]
checking if ccache is available... no, ccache binary missing or not executable
checking if ccache is enabled... disabled, default
checking if build directory is on local disk... yes
configure: WARNING: The following variables might be unknown to configure:  ZIP_DEBUGINFO_FILES 
configure: creating /home/wei/OPEN_SOURCE/OpenJDK/005.OpenJDK/007.OpenJDK21-GA/OpenJDK21-GA/build/linux-x86_64-server-slowdebug/configure-support/config.status
config.status: creating /home/wei/OPEN_SOURCE/OpenJDK/005.OpenJDK/007.OpenJDK21-GA/OpenJDK21-GA/build/linux-x86_64-server-slowdebug/spec.gmk
config.status: creating /home/wei/OPEN_SOURCE/OpenJDK/005.OpenJDK/007.OpenJDK21-GA/OpenJDK21-GA/build/linux-x86_64-server-slowdebug/bootcycle-spec.gmk
config.status: creating /home/wei/OPEN_SOURCE/OpenJDK/005.OpenJDK/007.OpenJDK21-GA/OpenJDK21-GA/build/linux-x86_64-server-slowdebug/buildjdk-spec.gmk
config.status: creating /home/wei/OPEN_SOURCE/OpenJDK/005.OpenJDK/007.OpenJDK21-GA/OpenJDK21-GA/build/linux-x86_64-server-slowdebug/compare.sh
config.status: creating /home/wei/OPEN_SOURCE/OpenJDK/005.OpenJDK/007.OpenJDK21-GA/OpenJDK21-GA/build/linux-x86_64-server-slowdebug/Makefile

====================================================
A new configuration has been successfully created in
/home/wei/OPEN_SOURCE/OpenJDK/005.OpenJDK/007.OpenJDK21-GA/OpenJDK21-GA/build/linux-x86_64-server-slowdebug
using configure arguments '--with-debug-level=slowdebug --with-boot-jdk=/home/wei/app_space/OpenJDK/OpenJDK-21.0.5+11 --with-freetype-include=/usr/include/freetype2 --with-freetype-lib=/usr/lib/x86_64-linux-gnu/ --with-target-bits=64 ZIP_DEBUGINFO_FILES=0'.

Configuration summary:
* Name:           linux-x86_64-server-slowdebug
* Debug level:    slowdebug
* HS debug level: debug
* JVM variants:   server
* JVM features:   server: 'cds compiler1 compiler2 epsilongc g1gc jfr jni-check jvmci jvmti management parallelgc serialgc services shenandoahgc vm-structs zgc' 
* OpenJDK target: OS: linux, CPU architecture: x86, address length: 64
* Version string: 21-internal-adhoc.wei.OpenJDK21-GA (21-internal)
* Source date:    1730908834 (2024-11-06T16:00:34Z)

Tools summary:
* Boot JDK:       openjdk version "21.0.5" 2024-10-15 LTS OpenJDK Runtime Environment Microsoft-10376803 (build 21.0.5+11-LTS) OpenJDK 64-Bit Server VM Microsoft-10376803 (build 21.0.5+11-LTS, mixed mode, sharing) (at /home/wei/app_space/OpenJDK/OpenJDK-21.0.5+11)
* Toolchain:      gcc (GNU Compiler Collection)
* C Compiler:     Version 9.4.0 (at /usr/bin/gcc)
* C++ Compiler:   Version 9.4.0 (at /usr/bin/g++)

Build performance summary:
* Build jobs:     4
* Memory limit:   7830 MB

The following warnings were produced. Repeated here for convenience:
WARNING: The following variables might be unknown to configure:  ZIP_DEBUGINFO_FILES 

Note: Command line contains non-control variables:
* ZIP_DEBUGINFO_FILES=0
Make sure it is not mistyped, and that you intend to override this variable.
'make help' will list known control variables.

Warning: You have the following ALT_ variables set:
* ALT_PARALLEL_COMPILE_JOBS=8
* ALT_BOOTDIR=/home/wei/app_space/OpenJDK/OpenJDK-21.0.5+11
* ALT_OUTPUTDIR=/home/wei/OPEN_SOURCE/OpenJDK/005.OpenJDK/007.OpenJDK21-GA/OpenJDK21-GA/build
ALT_ variables are deprecated, and may result in a failed build.
Please clean your environment.

Note: Command line contains non-control variables:
* ZIP_DEBUGINFO_FILES=0
Make sure it is not mistyped, and that you intend to override this variable.
'make help' will list known control variables.

Warning: You have the following ALT_ variables set:
* ALT_PARALLEL_COMPILE_JOBS=8
* ALT_BOOTDIR=/home/wei/app_space/OpenJDK/OpenJDK-21.0.5+11
* ALT_OUTPUTDIR=/home/wei/OPEN_SOURCE/OpenJDK/005.OpenJDK/007.OpenJDK21-GA/OpenJDK21-GA/build
ALT_ variables are deprecated, and may result in a failed build.
Please clean your environment.

Building target 'images' in configuration 'linux-x86_64-server-slowdebug'
Compiling up to 8 files for BUILD_TOOLS_LANGTOOLS
Compiling up to 1 files for BUILD_TOOLS_HOTSPOT
Picked up JAVA_TOOL_OPTIONS: -Dfile.encoding=UTF-8
Picked up JAVA_TOOL_OPTIONS: -Dfile.encoding=UTF-8
Warning: No SCM configuration present and no .src-rev
Generating classes for compiler.properties launcher.properties
Compiling 17 properties into resource bundles for jdk.javadoc
Compiling 15 properties into resource bundles for jdk.jdeps
Picked up JAVA_TOOL_OPTIONS: -Dfile.encoding=UTF-8
Picked up JAVA_TOOL_OPTIONS: -Dfile.encoding=UTF-8
Picked up JAVA_TOOL_OPTIONS: -Dfile.encoding=UTF-8
Creating hotspot/variant-server/tools/adlc/adlc from 13 file(s)
Picked up JAVA_TOOL_OPTIONS: -Dfile.encoding=UTF-8
Compiling 9 properties into resource bundles for jdk.jshell
Picked up JAVA_TOOL_OPTIONS: -Dfile.encoding=UTF-8
Compiling up to 2 files for BUILD_JVMTI_TOOLS
Compiling 20 properties into resource bundles for jdk.compiler
Picked up JAVA_TOOL_OPTIONS: -Dfile.encoding=UTF-8
Picked up JAVA_TOOL_OPTIONS: -Dfile.encoding=UTF-8
Compiling up to 127 files for BUILD_java.compiler.interim
Compiling up to 353 files for BUILD_jdk.compiler.interim
Picked up JAVA_TOOL_OPTIONS: -Dfile.encoding=UTF-8
Compiling up to 242 files for BUILD_jdk.javadoc.interim
Picked up JAVA_TOOL_OPTIONS: -Dfile.encoding=UTF-8
Picked up JAVA_TOOL_OPTIONS: -Dfile.encoding=UTF-8
Picked up JAVA_TOOL_OPTIONS: -Dfile.encoding=UTF-8
Compiling up to 17 files for BUILD_JAVAC_SERVER
Picked up JAVA_TOOL_OPTIONS: -Dfile.encoding=UTF-8
Picked up JAVA_TOOL_OPTIONS: -Dfile.encoding=UTF-8
Picked up JAVA_TOOL_OPTIONS: -Dfile.encoding=UTF-8
Picked up JAVA_TOOL_OPTIONS: -Dfile.encoding=UTF-8
Creating support/modules_libs/java.base/server/libjvm.so from 1219 file(s)
Picked up JAVA_TOOL_OPTIONS: -Dfile.encoding=UTF-8
Compiling up to 31 files for BUILD_JRTFS
Picked up JAVA_TOOL_OPTIONS: -Dfile.encoding=UTF-8
Creating support/modules_libs/java.base/jrt-fs.jar
Picked up JAVA_TOOL_OPTIONS: -Dfile.encoding=UTF-8
Picked up JAVA_TOOL_OPTIONS: -Dfile.encoding=UTF-8
Compiling up to 187 files for BUILD_TOOLS_JDK
Compiling up to 2 files for COMPILE_DEPEND
Picked up JAVA_TOOL_OPTIONS: -Dfile.encoding=UTF-8
Picked up JAVA_TOOL_OPTIONS: -Dfile.encoding=UTF-8
Picked up JAVA_TOOL_OPTIONS: -Dfile.encoding=UTF-8
Picked up JAVA_TOOL_OPTIONS: -Dfile.encoding=UTF-8
Picked up JAVA_TOOL_OPTIONS: -Dfile.encoding=UTF-8
Picked up JAVA_TOOL_OPTIONS: -Dfile.encoding=UTF-8
Picked up JAVA_TOOL_OPTIONS: -Dfile.encoding=UTF-8
Picked up JAVA_TOOL_OPTIONS: -Dfile.encoding=UTF-8
Picked up JAVA_TOOL_OPTIONS: -Dfile.encoding=UTF-8
Picked up JAVA_TOOL_OPTIONS: -Dfile.encoding=UTF-8
Picked up JAVA_TOOL_OPTIONS: -Dfile.encoding=UTF-8
Picked up JAVA_TOOL_OPTIONS: -Dfile.encoding=UTF-8
Picked up JAVA_TOOL_OPTIONS: -Dfile.encoding=UTF-8
Picked up JAVA_TOOL_OPTIONS: -Dfile.encoding=UTF-8
Picked up JAVA_TOOL_OPTIONS: -Dfile.encoding=UTF-8
Picked up JAVA_TOOL_OPTIONS: -Dfile.encoding=UTF-8
Picked up JAVA_TOOL_OPTIONS: -Dfile.encoding=UTF-8
Picked up JAVA_TOOL_OPTIONS: -Dfile.encoding=UTF-8
Picked up JAVA_TOOL_OPTIONS: -Dfile.encoding=UTF-8
Picked up JAVA_TOOL_OPTIONS: -Dfile.encoding=UTF-8
Picked up JAVA_TOOL_OPTIONS: -Dfile.encoding=UTF-8
Picked up JAVA_TOOL_OPTIONS: -Dfile.encoding=UTF-8
Picked up JAVA_TOOL_OPTIONS: -Dfile.encoding=UTF-8
Picked up JAVA_TOOL_OPTIONS: -Dfile.encoding=UTF-8
Picked up JAVA_TOOL_OPTIONS: -Dfile.encoding=UTF-8
Picked up JAVA_TOOL_OPTIONS: -Dfile.encoding=UTF-8
Picked up JAVA_TOOL_OPTIONS: -Dfile.encoding=UTF-8
Picked up JAVA_TOOL_OPTIONS: -Dfile.encoding=UTF-8
Picked up JAVA_TOOL_OPTIONS: -Dfile.encoding=UTF-8
Picked up JAVA_TOOL_OPTIONS: -Dfile.encoding=UTF-8
Picked up JAVA_TOOL_OPTIONS: -Dfile.encoding=UTF-8
Picked up JAVA_TOOL_OPTIONS: -Dfile.encoding=UTF-8
Picked up JAVA_TOOL_OPTIONS: -Dfile.encoding=UTF-8
Picked up JAVA_TOOL_OPTIONS: -Dfile.encoding=UTF-8
Picked up JAVA_TOOL_OPTIONS: -Dfile.encoding=UTF-8
Picked up JAVA_TOOL_OPTIONS: -Dfile.encoding=UTF-8
Picked up JAVA_TOOL_OPTIONS: -Dfile.encoding=UTF-8
Picked up JAVA_TOOL_OPTIONS: -Dfile.encoding=UTF-8
Picked up JAVA_TOOL_OPTIONS: -Dfile.encoding=UTF-8
Picked up JAVA_TOOL_OPTIONS: -Dfile.encoding=UTF-8
Picked up JAVA_TOOL_OPTIONS: -Dfile.encoding=UTF-8
Compiling 11 properties into resource bundles for java.base
Picked up JAVA_TOOL_OPTIONS: -Dfile.encoding=UTF-8
Compiling 6 properties into resource bundles for java.base
Picked up JAVA_TOOL_OPTIONS: -Dfile.encoding=UTF-8
Picked up JAVA_TOOL_OPTIONS: -Dfile.encoding=UTF-8
Picked up JAVA_TOOL_OPTIONS: -Dfile.encoding=UTF-8
Picked up JAVA_TOOL_OPTIONS: -Dfile.encoding=UTF-8
Picked up JAVA_TOOL_OPTIONS: -Dfile.encoding=UTF-8
Picked up JAVA_TOOL_OPTIONS: -Dfile.encoding=UTF-8
Picked up JAVA_TOOL_OPTIONS: -Dfile.encoding=UTF-8
Picked up JAVA_TOOL_OPTIONS: -Dfile.encoding=UTF-8
Picked up JAVA_TOOL_OPTIONS: -Dfile.encoding=UTF-8
Picked up JAVA_TOOL_OPTIONS: -Dfile.encoding=UTF-8
Picked up JAVA_TOOL_OPTIONS: -Dfile.encoding=UTF-8
Picked up JAVA_TOOL_OPTIONS: -Dfile.encoding=UTF-8
Picked up JAVA_TOOL_OPTIONS: -Dfile.encoding=UTF-8
Picked up JAVA_TOOL_OPTIONS: -Dfile.encoding=UTF-8
Picked up JAVA_TOOL_OPTIONS: -Dfile.encoding=UTF-8
Picked up JAVA_TOOL_OPTIONS: -Dfile.encoding=UTF-8
Picked up JAVA_TOOL_OPTIONS: -Dfile.encoding=UTF-8
Picked up JAVA_TOOL_OPTIONS: -Dfile.encoding=UTF-8
Picked up JAVA_TOOL_OPTIONS: -Dfile.encoding=UTF-8
Picked up JAVA_TOOL_OPTIONS: -Dfile.encoding=UTF-8
Picked up JAVA_TOOL_OPTIONS: -Dfile.encoding=UTF-8
Picked up JAVA_TOOL_OPTIONS: -Dfile.encoding=UTF-8
Picked up JAVA_TOOL_OPTIONS: -Dfile.encoding=UTF-8
Picked up JAVA_TOOL_OPTIONS: -Dfile.encoding=UTF-8
Picked up JAVA_TOOL_OPTIONS: -Dfile.encoding=UTF-8
Picked up JAVA_TOOL_OPTIONS: -Dfile.encoding=UTF-8
Picked up JAVA_TOOL_OPTIONS: -Dfile.encoding=UTF-8
Picked up JAVA_TOOL_OPTIONS: -Dfile.encoding=UTF-8
Picked up JAVA_TOOL_OPTIONS: -Dfile.encoding=UTF-8
Picked up JAVA_TOOL_OPTIONS: -Dfile.encoding=UTF-8
Picked up JAVA_TOOL_OPTIONS: -Dfile.encoding=UTF-8
Picked up JAVA_TOOL_OPTIONS: -Dfile.encoding=UTF-8
Picked up JAVA_TOOL_OPTIONS: -Dfile.encoding=UTF-8
Picked up JAVA_TOOL_OPTIONS: -Dfile.encoding=UTF-8
Picked up JAVA_TOOL_OPTIONS: -Dfile.encoding=UTF-8
Picked up JAVA_TOOL_OPTIONS: -Dfile.encoding=UTF-8
Picked up JAVA_TOOL_OPTIONS: -Dfile.encoding=UTF-8
Picked up JAVA_TOOL_OPTIONS: -Dfile.encoding=UTF-8
Picked up JAVA_TOOL_OPTIONS: -Dfile.encoding=UTF-8
Picked up JAVA_TOOL_OPTIONS: -Dfile.encoding=UTF-8
Picked up JAVA_TOOL_OPTIONS: -Dfile.encoding=UTF-8
Picked up JAVA_TOOL_OPTIONS: -Dfile.encoding=UTF-8
Picked up JAVA_TOOL_OPTIONS: -Dfile.encoding=UTF-8
Picked up JAVA_TOOL_OPTIONS: -Dfile.encoding=UTF-8
Picked up JAVA_TOOL_OPTIONS: -Dfile.encoding=UTF-8
Picked up JAVA_TOOL_OPTIONS: -Dfile.encoding=UTF-8
Picked up JAVA_TOOL_OPTIONS: -Dfile.encoding=UTF-8
Picked up JAVA_TOOL_OPTIONS: -Dfile.encoding=UTF-8
Picked up JAVA_TOOL_OPTIONS: -Dfile.encoding=UTF-8
Picked up JAVA_TOOL_OPTIONS: -Dfile.encoding=UTF-8
Picked up JAVA_TOOL_OPTIONS: -Dfile.encoding=UTF-8
Picked up JAVA_TOOL_OPTIONS: -Dfile.encoding=UTF-8
Picked up JAVA_TOOL_OPTIONS: -Dfile.encoding=UTF-8
Picked up JAVA_TOOL_OPTIONS: -Dfile.encoding=UTF-8
Picked up JAVA_TOOL_OPTIONS: -Dfile.encoding=UTF-8
Picked up JAVA_TOOL_OPTIONS: -Dfile.encoding=UTF-8
Picked up JAVA_TOOL_OPTIONS: -Dfile.encoding=UTF-8
Picked up JAVA_TOOL_OPTIONS: -Dfile.encoding=UTF-8
Picked up JAVA_TOOL_OPTIONS: -Dfile.encoding=UTF-8
Picked up JAVA_TOOL_OPTIONS: -Dfile.encoding=UTF-8
Picked up JAVA_TOOL_OPTIONS: -Dfile.encoding=UTF-8
Picked up JAVA_TOOL_OPTIONS: -Dfile.encoding=UTF-8
Picked up JAVA_TOOL_OPTIONS: -Dfile.encoding=UTF-8
Picked up JAVA_TOOL_OPTIONS: -Dfile.encoding=UTF-8
Picked up JAVA_TOOL_OPTIONS: -Dfile.encoding=UTF-8
Picked up JAVA_TOOL_OPTIONS: -Dfile.encoding=UTF-8
Picked up JAVA_TOOL_OPTIONS: -Dfile.encoding=UTF-8
Picked up JAVA_TOOL_OPTIONS: -Dfile.encoding=UTF-8
Picked up JAVA_TOOL_OPTIONS: -Dfile.encoding=UTF-8
Picked up JAVA_TOOL_OPTIONS: -Dfile.encoding=UTF-8
Picked up JAVA_TOOL_OPTIONS: -Dfile.encoding=UTF-8
Picked up JAVA_TOOL_OPTIONS: -Dfile.encoding=UTF-8
Picked up JAVA_TOOL_OPTIONS: -Dfile.encoding=UTF-8
Picked up JAVA_TOOL_OPTIONS: -Dfile.encoding=UTF-8
Picked up JAVA_TOOL_OPTIONS: -Dfile.encoding=UTF-8
Picked up JAVA_TOOL_OPTIONS: -Dfile.encoding=UTF-8
Picked up JAVA_TOOL_OPTIONS: -Dfile.encoding=UTF-8
Picked up JAVA_TOOL_OPTIONS: -Dfile.encoding=UTF-8
Picked up JAVA_TOOL_OPTIONS: -Dfile.encoding=UTF-8
Picked up JAVA_TOOL_OPTIONS: -Dfile.encoding=UTF-8
Picked up JAVA_TOOL_OPTIONS: -Dfile.encoding=UTF-8
Picked up JAVA_TOOL_OPTIONS: -Dfile.encoding=UTF-8
Picked up JAVA_TOOL_OPTIONS: -Dfile.encoding=UTF-8
Picked up JAVA_TOOL_OPTIONS: -Dfile.encoding=UTF-8
Picked up JAVA_TOOL_OPTIONS: -Dfile.encoding=UTF-8
Picked up JAVA_TOOL_OPTIONS: -Dfile.encoding=UTF-8
Picked up JAVA_TOOL_OPTIONS: -Dfile.encoding=UTF-8
Picked up JAVA_TOOL_OPTIONS: -Dfile.encoding=UTF-8
Picked up JAVA_TOOL_OPTIONS: -Dfile.encoding=UTF-8
Picked up JAVA_TOOL_OPTIONS: -Dfile.encoding=UTF-8
Picked up JAVA_TOOL_OPTIONS: -Dfile.encoding=UTF-8
Picked up JAVA_TOOL_OPTIONS: -Dfile.encoding=UTF-8
Picked up JAVA_TOOL_OPTIONS: -Dfile.encoding=UTF-8
Picked up JAVA_TOOL_OPTIONS: -Dfile.encoding=UTF-8
Compiling up to 2 files for BUILD_BREAKITERATOR_BASE
Compiling up to 2 files for BUILD_BREAKITERATOR_LD
Picked up JAVA_TOOL_OPTIONS: -Dfile.encoding=UTF-8
Picked up JAVA_TOOL_OPTIONS: -Dfile.encoding=UTF-8
Picked up JAVA_TOOL_OPTIONS: -Dfile.encoding=UTF-8
Picked up JAVA_TOOL_OPTIONS: -Dfile.encoding=UTF-8
Compiling 11 properties into resource bundles for java.logging
Picked up JAVA_TOOL_OPTIONS: -Dfile.encoding=UTF-8
Picked up JAVA_TOOL_OPTIONS: -Dfile.encoding=UTF-8
Picked up JAVA_TOOL_OPTIONS: -Dfile.encoding=UTF-8
Picked up JAVA_TOOL_OPTIONS: -Dfile.encoding=UTF-8
Picked up JAVA_TOOL_OPTIONS: -Dfile.encoding=UTF-8
Picked up JAVA_TOOL_OPTIONS: -Dfile.encoding=UTF-8
Picked up JAVA_TOOL_OPTIONS: -Dfile.encoding=UTF-8
Picked up JAVA_TOOL_OPTIONS: -Dfile.encoding=UTF-8
Picked up JAVA_TOOL_OPTIONS: -Dfile.encoding=UTF-8
Picked up JAVA_TOOL_OPTIONS: -Dfile.encoding=UTF-8
Picked up JAVA_TOOL_OPTIONS: -Dfile.encoding=UTF-8
Picked up JAVA_TOOL_OPTIONS: -Dfile.encoding=UTF-8
Picked up JAVA_TOOL_OPTIONS: -Dfile.encoding=UTF-8
Picked up JAVA_TOOL_OPTIONS: -Dfile.encoding=UTF-8
Picked up JAVA_TOOL_OPTIONS: -Dfile.encoding=UTF-8
Compiling 4 properties into resource bundles for jdk.httpserver
Picked up JAVA_TOOL_OPTIONS: -Dfile.encoding=UTF-8
Compiling 11 properties into resource bundles for jdk.jartool
Picked up JAVA_TOOL_OPTIONS: -Dfile.encoding=UTF-8
Compiling up to 71 files for COMPILE_CREATE_SYMBOLS
Picked up JAVA_TOOL_OPTIONS: -Dfile.encoding=UTF-8
Compiling 11 properties into resource bundles for jdk.management.agent
Picked up JAVA_TOOL_OPTIONS: -Dfile.encoding=UTF-8
Picked up JAVA_TOOL_OPTIONS: -Dfile.encoding=UTF-8
Compiling 4 properties into resource bundles for jdk.jdi
Picked up JAVA_TOOL_OPTIONS: -Dfile.encoding=UTF-8
Picked up JAVA_TOOL_OPTIONS: -Dfile.encoding=UTF-8
Picked up JAVA_TOOL_OPTIONS: -Dfile.encoding=UTF-8
Compiling 9 properties into resource bundles for jdk.jlink
Compiling 4 properties into resource bundles for jdk.jlink
Picked up JAVA_TOOL_OPTIONS: -Dfile.encoding=UTF-8
Picked up JAVA_TOOL_OPTIONS: -Dfile.encoding=UTF-8
Compiling 1 properties into resource bundles for jdk.jlink
Picked up JAVA_TOOL_OPTIONS: -Dfile.encoding=UTF-8
Picked up JAVA_TOOL_OPTIONS: -Dfile.encoding=UTF-8
Compiling 224 properties into resource bundles for jdk.localedata
Picked up JAVA_TOOL_OPTIONS: -Dfile.encoding=UTF-8
Picked up JAVA_TOOL_OPTIONS: -Dfile.encoding=UTF-8
Compiling up to 3486 files for java.base
Picked up JAVA_TOOL_OPTIONS: -Dfile.encoding=UTF-8
Picked up JAVA_TOOL_OPTIONS: -Dfile.encoding=UTF-8
Compiling 89 properties into resource bundles for java.desktop
Picked up JAVA_TOOL_OPTIONS: -Dfile.encoding=UTF-8
Picked up JAVA_TOOL_OPTIONS: -Dfile.encoding=UTF-8
Picked up JAVA_TOOL_OPTIONS: -Dfile.encoding=UTF-8
Picked up JAVA_TOOL_OPTIONS: -Dfile.encoding=UTF-8
Picked up JAVA_TOOL_OPTIONS: -Dfile.encoding=UTF-8
Picked up JAVA_TOOL_OPTIONS: -Dfile.encoding=UTF-8
Picked up JAVA_TOOL_OPTIONS: -Dfile.encoding=UTF-8
Picked up JAVA_TOOL_OPTIONS: -Dfile.encoding=UTF-8
Picked up JAVA_TOOL_OPTIONS: -Dfile.encoding=UTF-8
Picked up JAVA_TOOL_OPTIONS: -Dfile.encoding=UTF-8
Picked up JAVA_TOOL_OPTIONS: -Dfile.encoding=UTF-8
Picked up JAVA_TOOL_OPTIONS: -Dfile.encoding=UTF-8
Picked up JAVA_TOOL_OPTIONS: -Dfile.encoding=UTF-8
Picked up JAVA_TOOL_OPTIONS: -Dfile.encoding=UTF-8
Picked up JAVA_TOOL_OPTIONS: -Dfile.encoding=UTF-8
Picked up JAVA_TOOL_OPTIONS: -Dfile.encoding=UTF-8
Picked up JAVA_TOOL_OPTIONS: -Dfile.encoding=UTF-8
Picked up JAVA_TOOL_OPTIONS: -Dfile.encoding=UTF-8
Picked up JAVA_TOOL_OPTIONS: -Dfile.encoding=UTF-8
Picked up JAVA_TOOL_OPTIONS: -Dfile.encoding=UTF-8
Picked up JAVA_TOOL_OPTIONS: -Dfile.encoding=UTF-8
Picked up JAVA_TOOL_OPTIONS: -Dfile.encoding=UTF-8
Picked up JAVA_TOOL_OPTIONS: -Dfile.encoding=UTF-8
Picked up JAVA_TOOL_OPTIONS: -Dfile.encoding=UTF-8
Picked up JAVA_TOOL_OPTIONS: -Dfile.encoding=UTF-8
Compiling up to 71 files for COMPILE_CREATE_SYMBOLS
Picked up JAVA_TOOL_OPTIONS: -Dfile.encoding=UTF-8
Picked up JAVA_TOOL_OPTIONS: -Dfile.encoding=UTF-8
Picked up JAVA_TOOL_OPTIONS: -Dfile.encoding=UTF-8
Picked up JAVA_TOOL_OPTIONS: -Dfile.encoding=UTF-8
Picked up JAVA_TOOL_OPTIONS: -Dfile.encoding=UTF-8
Picked up JAVA_TOOL_OPTIONS: -Dfile.encoding=UTF-8
Creating ct.sym classes
Picked up JAVA_TOOL_OPTIONS: -Dfile.encoding=UTF-8
Picked up JAVA_TOOL_OPTIONS: -Dfile.encoding=UTF-8
Picked up JAVA_TOOL_OPTIONS: -Dfile.encoding=UTF-8
Picked up JAVA_TOOL_OPTIONS: -Dfile.encoding=UTF-8
Picked up JAVA_TOOL_OPTIONS: -Dfile.encoding=UTF-8
Picked up JAVA_TOOL_OPTIONS: -Dfile.encoding=UTF-8
Picked up JAVA_TOOL_OPTIONS: -Dfile.encoding=UTF-8
Updating support/src.zip
/home/wei/OPEN_SOURCE/OpenJDK/005.OpenJDK/007.OpenJDK21-GA/OpenJDK21-GA/src/java.base/share/classes/java/util/concurrent/locks/AbstractQueuedSynchronizer.java:108: error: reference not found
 * (???????????{@link ConditionObject}?????????????????{@link Condition}?????????{@link #isheldexexclusive}??????????????
                                                                                        ^
/home/wei/OPEN_SOURCE/OpenJDK/005.OpenJDK/007.OpenJDK21-GA/OpenJDK21-GA/src/java.base/share/classes/java/util/concurrent/locks/AbstractQueuedSynchronizer.java:199: error: reference not found
 * ??{@link #hasqueued}???????????????????{@code true}???????????)
            ^
/home/wei/OPEN_SOURCE/OpenJDK/005.OpenJDK/007.OpenJDK21-GA/OpenJDK21-GA/src/java.base/share/classes/java/util/concurrent/locks/AbstractQueuedSynchronizer.java:220: error: syntax error in reference
 * ??????????????????spins???????????????????????????????????????????????????????????????{@link #
                                                                                                 ^
3 errors
make[3]: *** [CompileJavaModules.gmk:95: /home/wei/OPEN_SOURCE/OpenJDK/005.OpenJDK/007.OpenJDK21-GA/OpenJDK21-GA/build/linux-x86_64-server-slowdebug/jdk/modules/java.base/_the.java.base_batch] Error 1
make[2]: *** [make/Main.gmk:193: java.base-java] Error 2
make[2]: *** Waiting for unfinished jobs....
Picked up JAVA_TOOL_OPTIONS: -Dfile.encoding=UTF-8

ERROR: Build failed for target 'images' in configuration 'linux-x86_64-server-slowdebug' (exit code 2) 

=== Output from failing command(s) repeated here ===
* For target jdk_modules_java.base__the.java.base_batch:
Picked up JAVA_TOOL_OPTIONS: -Dfile.encoding=UTF-8
/home/wei/OPEN_SOURCE/OpenJDK/005.OpenJDK/007.OpenJDK21-GA/OpenJDK21-GA/src/java.base/share/classes/java/util/concurrent/locks/AbstractQueuedSynchronizer.java:108: error: reference not found
 * (???????????{@link ConditionObject}?????????????????{@link Condition}?????????{@link #isheldexexclusive}??????????????
                                                                                        ^
/home/wei/OPEN_SOURCE/OpenJDK/005.OpenJDK/007.OpenJDK21-GA/OpenJDK21-GA/src/java.base/share/classes/java/util/concurrent/locks/AbstractQueuedSynchronizer.java:199: error: reference not found
 * ??{@link #hasqueued}???????????????????{@code true}???????????)
            ^
/home/wei/OPEN_SOURCE/OpenJDK/005.OpenJDK/007.OpenJDK21-GA/OpenJDK21-GA/src/java.base/share/classes/java/util/concurrent/locks/AbstractQueuedSynchronizer.java:220: error: syntax error in reference
 * ??????????????????spins???????????????????????????????????????????????????????????????{@link #
                                                                                                 ^
3 errors

* All command lines available in /home/wei/OPEN_SOURCE/OpenJDK/005.OpenJDK/007.OpenJDK21-GA/OpenJDK21-GA/build/linux-x86_64-server-slowdebug/make-support/failure-logs.
=== End of repeated output ===

No indication of failed target found.
HELP: Try searching the build log for '] Error'.
HELP: Run 'make doctor' to diagnose build problems.

make[1]: *** [/home/wei/OPEN_SOURCE/OpenJDK/005.OpenJDK/007.OpenJDK21-GA/OpenJDK21-GA/make/Init.gmk:320: main] Error 2
make: *** [/home/wei/OPEN_SOURCE/OpenJDK/005.OpenJDK/007.OpenJDK21-GA/OpenJDK21-GA/make/Init.gmk:186: images] Error 2
构建成功