<?xml version='1.0' encoding='UTF-8'?>
<hotspot_log version='160 1' process='829502' time_ms='1675504984736'>
<vm_version>
<name>
OpenJDK 64-Bit Server VM
</name>
<release>
25.71-b00-debug
</release>
<info>
OpenJDK 64-Bit Server VM (25.71-b00-debug) for linux-amd64 JRE (1.8.0-internal-ei_2022_10_22_23_07-b00), built on Oct 22 2022 23:11:37 by &quot;wei&quot; with gcc 4.7.4
</info>
</vm_version>
<vm_arguments>
<args>
-XX:+UseParNewGC -XX:+UseConcMarkSweepGC -XX:+TraceBiasedLocking -XX:+PrintCompilation -Xms100M -Xms100M 
</args>
<command>
JitStu
</command>
<launcher>
SUN_STANDARD
</launcher>
<properties>
java.vm.specification.name=Java Virtual Machine Specification
java.vm.version=25.71-b00-debug
java.vm.name=OpenJDK 64-Bit Server VM
java.vm.info=mixed mode, sharing
java.ext.dirs=/home/wei/WorkSpace/open_source/OpenJdk/005.OpenJDK/002.OpenJDK8u312-GA/OpenJDK8U312-GA/build/linux-x86_64-normal-server-slowdebug/jdk/lib/ext:/usr/java/packages/lib/ext
java.endorsed.dirs=/home/wei/WorkSpace/open_source/OpenJdk/005.OpenJDK/002.OpenJDK8u312-GA/OpenJDK8U312-GA/build/linux-x86_64-normal-server-slowdebug/jdk/lib/endorsed
sun.boot.library.path=/home/wei/WorkSpace/open_source/OpenJdk/005.OpenJDK/002.OpenJDK8u312-GA/OpenJDK8U312-GA/build/linux-x86_64-normal-server-slowdebug/jdk/lib/amd64
java.library.path=/usr/java/packages/lib/amd64:/usr/lib64:/lib64:/lib:/usr/lib
java.home=/home/wei/WorkSpace/open_source/OpenJdk/005.OpenJDK/002.OpenJDK8u312-GA/OpenJDK8U312-GA/build/linux-x86_64-normal-server-slowdebug/jdk
java.class.path=.:/opt/wei/jdk/jdk1.8.0_341/lib:/opt/wei/jdk/jdk1.8.0_341/jre/lib:/opt/wei/maven/apache-maven-3.8.6/lib
sun.boot.class.path=/home/wei/WorkSpace/open_source/OpenJdk/005.OpenJDK/002.OpenJDK8u312-GA/OpenJDK8U312-GA/build/linux-x86_64-normal-server-slowdebug/jdk/lib/resources.jar:/home/wei/WorkSpace/open_source/OpenJdk/005.OpenJDK/002.OpenJDK8u312-GA/OpenJDK8U312-GA/build/linux-x86_64-normal-server-slowdebug/jdk/lib/rt.jar:/home/wei/WorkSpace/open_source/OpenJdk/005.OpenJDK/002.OpenJDK8u312-GA/OpenJDK8U312-GA/build/linux-x86_64-normal-server-slowdebug/jdk/lib/sunrsasign.jar:/home/wei/WorkSpace/open_source/OpenJdk/005.OpenJDK/002.OpenJDK8u312-GA/OpenJDK8U312-GA/build/linux-x86_64-normal-server-slowdebug/jdk/lib/jsse.jar:/home/wei/WorkSpace/open_source/OpenJdk/005.OpenJDK/002.OpenJDK8u312-GA/OpenJDK8U312-GA/build/linux-x86_64-normal-server-slowdebug/jdk/lib/jce.jar:/home/wei/WorkSpace/open_source/OpenJdk/005.OpenJDK/002.OpenJDK8u312-GA/OpenJDK8U312-GA/build/linux-x86_64-normal-server-slowdebug/jdk/lib/charsets.jar:/home/wei/WorkSpace/open_source/OpenJdk/005.OpenJDK/002.OpenJDK8u312-GA/OpenJDK8U312-GA/build/linux-x86_64-normal-server-slowdebug/jdk/lib/jfr.jar:/home/wei/WorkSpace/open_source/OpenJdk/005.OpenJDK/002.OpenJDK8u312-GA/OpenJDK8U312-GA/build/linux-x86_64-normal-server-slowdebug/jdk/classes
java.vm.specification.vendor=Oracle Corporation
java.vm.specification.version=1.8
java.vm.vendor=Oracle Corporation
sun.java.launcher.diag=true
sun.java.command=JitStu
sun.java.launcher=SUN_STANDARD
</properties>
</vm_arguments>
<tty>
Aligned thread 0x00007ffff000f460 to 0x00007ffff000f800
<writer thread='140737327298304'/>
Wei Say: 开始初始化JVM堆空间.....
Wei Say: Minimum heap(MB) 100  Initial heap(MB) 100  Maximum heap(MB) 1962
Aligned thread 0x00007ffff0022bf0 to 0x00007ffff0023000
Aligned thread 0x00007ffff0020520 to 0x00007ffff0020800
Aligned thread 0x00007ffff0026b10 to 0x00007ffff0027000
Aligned thread 0x00007ffff00289f0 to 0x00007ffff0029000
Aligned thread 0x00007ffff0078450 to 0x00007ffff0078800
Wei Say: 正在执行 thread-&gt;tlab().clear_before_allocation()  ,会进行哑元对象的填充...
Aligned thread 0x00007ffff01464f0 to 0x00007ffff0146800
Aligned thread 0x00007ffff0155d40 to 0x00007ffff0156000
Aligned thread 0x00007ffff015b180 to 0x00007ffff015b800
Aligned thread 0x00007ffff019a650 to 0x00007ffff019a800
Aligned thread 0x00007ffff01ac980 to 0x00007ffff01ad000
Aligned thread 0x00007ffff01af7e0 to 0x00007ffff01af800
Aligned thread 0x00007ffff01b2300 to 0x00007ffff01b2800
Aligned thread 0x00007ffff01b4e20 to 0x00007ffff01b5000
<writer thread='140736686745344'/>
    878    1       3       java.lang.String::hashCode (55 bytes)
<blob name='MethodHandlesAdapterBlob' size='182000'>
<sect index='1' size='182000' free='177714'/>
</blob>
<writer thread='140737327298304'/>
Aligned thread 0x00007ffff01c53d0 to 0x00007ffff01c5800
<writer thread='140736686745344'/>
    885    2       3       java.lang.String::equals (81 bytes)
<writer thread='140737327298304'/>
Aligned thread 0x00007ffff01c6f30 to 0x00007ffff01c7000
<writer thread='140736686745344'/>
    907    3       3       java.lang.String::indexOf (70 bytes)
    913    4       3       java.lang.String::charAt (29 bytes)
    917    5       3       java.lang.String::length (6 bytes)
    918    6       3       java.lang.Object::&lt;init&gt; (1 bytes)
    952    7       3       java.lang.Math::min (11 bytes)
<writer thread='140737327298304'/>
    953    8     n 0       java.lang.System::arraycopy (native)   (static)
<writer thread='140736686745344'/>
   1017    9       1       java.lang.Object::&lt;init&gt; (1 bytes)
   1019    6       3       java.lang.Object::&lt;init&gt; (1 bytes)   made not entrant
   1037   10       1       java.lang.ref.Reference::get (5 bytes)
   1048   11 %     3       JitStu::loop @ 4 (51 bytes)
Wei Say: 正在执行 thread-&gt;tlab().clear_before_allocation()  ,会进行哑元对象的填充...
<writer thread='140736688850688'/>
   1059   12 %     4       JitStu::loop @ 4 (51 bytes)
Aligned thread 0x00007ffff000f460 to 0x00007ffff000f800
<writer thread='140737327298304'/>
Wei Say: 正在执行 thread-&gt;tlab().clear_before_allocation()  ,会进行哑元对象的填充...
C1 Runtime statistics:
 _resolve_invoke_virtual_cnt:     5
 _resolve_invoke_opt_virtual_cnt: 1
 _resolve_invoke_static_cnt:      0
 _handle_wrong_method_cnt:        0
 _ic_miss_cnt:                    0
 _generic_arraycopy_cnt:          0
 _generic_arraycopystub_cnt:      0
 _byte_arraycopy_cnt:             0
 _short_arraycopy_cnt:            0
 _int_arraycopy_cnt:              0
 _long_arraycopy_cnt:             0
 _primitive_arraycopy_cnt:        0
 _oop_arraycopy_cnt (C):          0
 _oop_arraycopy_cnt (stub):       0
 _arraycopy_slowcase_cnt:         0
 _arraycopy_checkcast_cnt:        0
 _arraycopy_checkcast_attempt_cnt:0
 _new_type_array_slowcase_cnt:    0
 _new_object_array_slowcase_cnt:  0
 _new_instance_slowcase_cnt:      1
 _new_multi_array_slowcase_cnt:   0
 _monitorenter_slowcase_cnt:      0
 _monitorexit_slowcase_cnt:       0
 _patch_code_slowcase_cnt:        3
 _throw_range_check_exception_count:            0:
 _throw_index_exception_count:                  0:
 _throw_div0_exception_count:                   0:
 _throw_null_pointer_exception_count:           0:
 _throw_class_cast_exception_count:             0:
 _throw_incompatible_class_change_error_count:  0:
 _throw_array_store_exception_count:            0:
 _throw_count:                                  0:

<statistics type='SharedRuntime'>
    0 inline cache miss in compiled
    0 wrong method
    0 unresolved static call site
    5 unresolved virtual call site
    1 unresolved opt virtual call site
    5 slow partial subtype
   12 byte array copies
   12 short array copies
   12 int array copies
   12 long array copies
AdapterHandlerTable: empty 178 longest 3 total 149 average 1.295652
AdapterHandlerTable: lookups 6074 buckets 5960 equals 5647 hits 5647 compact 5647
</statistics>
<statistics type='nmethod'>
Statistics for 1 native nmethods:
 N. total size  = 1056
 N. relocation  = 88
 N. main code   = 656
Statistics for 10 bytecoded nmethods:
 total in heap  = 18232
 relocation     = 1192
 main code      = 8320
 stub code      = 1992
 oops           = 8
 scopes data    = 952
 scopes pcs     = 2304
 dependencies   = 80
 nul chk table  = 144
Debug Data Chunks: 203, shared 27+19, non-SP&apos;s elided 7
PcDesc Statistics:  17 queries, 8.47 comparisons per query
  caches=10 queries=17/0, hits=0+0, tests=70+74, adds=17
</statistics>
<statistics type='opto'>
--- Compiler Statistics ---
Methods seen: 1  Methods parsed: 1  Nodes created: 2307
Blocks parsed: 2  Blocks seen: 3
0 made implicit ( 0%)
CCP: 1  constants found: 0
Total frameslots = 72, Max frameslots = 32
Inserted 0 spill loads, 0 spill stores, 0 mem-mem moves and 0 copies.
Total load cost=      0, store cost =      0, mem-mem cost =  0.00, copy cost =     0.
Adjusted spill cost =       0.
Conservatively coalesced 38 copies, 0 pairs, 0 post alloc.
Average allocation trips 1.000000
High Pressure Blocks = 0, Low Pressure Blocks = 0
Nops added 0 bytes to total of 1950 bytes, for 0.00%
Peephole: peephole rules applied: 0
PhaseIdealLoop=8, sum _unique=1719
</statistics>
<writer thread='140737289213696'/>
<destroy_vm stamp='1.070'/>
<writer thread='140736688850688'/>
   1069   11 %     3       JitStu::loop @ -2 (51 bytes)   made not entrant
<tty_done stamp='1.104'/>
</tty>
<hotspot_log_done stamp='1.104'/>
</hotspot_log>
